<?xml version="1.0" encoding="UTF-8"?>
<testsuite xmlns:xsi="http://www.w3.org/2001/XMLSchema-instance" xsi:noNamespaceSchemaLocation="https://maven.apache.org/surefire/maven-surefire-plugin/xsd/surefire-test-report-3.0.xsd" version="3.0" name="TestDemo" time="0.017" tests="6" errors="0" skipped="0" failures="3">
  <properties>
[...]
</properties>
  <testcase name="testIsPrimeNumber1" classname="TestDemo" time="0.005">
    <failure type="java.lang.AssertionError"><![CDATA[java.lang.AssertionError
	at org.junit.Assert.fail(Assert.java:87)
	at org.junit.Assert.assertTrue(Assert.java:42)
	at org.junit.Assert.assertFalse(Assert.java:65)
	at org.junit.Assert.assertFalse(Assert.java:75)
	at TestDemo.testIsPrimeNumber1(TestDemo.java:13)
	at java.base/java.lang.reflect.Method.invoke(Method.java:568)
	at java.base/java.util.ArrayList.forEach(ArrayList.java:1511)
	at java.base/java.util.ArrayList.forEach(ArrayList.java:1511)
]]></failure>
  </testcase>
  <testcase name="testIsPrimeNumber2" classname="TestDemo" time="0.001">
    <failure type="java.lang.AssertionError"><![CDATA[java.lang.AssertionError
	at org.junit.Assert.fail(Assert.java:87)
	at org.junit.Assert.assertTrue(Assert.java:42)
	at org.junit.Assert.assertFalse(Assert.java:65)
	at org.junit.Assert.assertFalse(Assert.java:75)
	at TestDemo.testIsPrimeNumber2(TestDemo.java:19)
	at java.base/java.lang.reflect.Method.invoke(Method.java:568)
	at java.base/java.util.ArrayList.forEach(ArrayList.java:1511)
	at java.base/java.util.ArrayList.forEach(ArrayList.java:1511)
]]></failure>
  </testcase>
  <testcase name="testIsPrimeNumber3" classname="TestDemo" time="0.002">
    <failure message="expected: &lt;false&gt; but was: &lt;true&gt;" type="org.opentest4j.AssertionFailedError"><![CDATA[org.opentest4j.AssertionFailedError: expected: <false> but was: <true>
	at org.junit.jupiter.api.AssertionFailureBuilder.build(AssertionFailureBuilder.java:151)
	at org.junit.jupiter.api.AssertionFailureBuilder.buildAndThrow(AssertionFailureBuilder.java:132)
	at org.junit.jupiter.api.AssertFalse.failNotFalse(AssertFalse.java:63)
	at org.junit.jupiter.api.AssertFalse.assertFalse(AssertFalse.java:36)
	at org.junit.jupiter.api.AssertFalse.assertFalse(AssertFalse.java:31)
	at org.junit.jupiter.api.Assertions.assertFalse(Assertions.java:227)
	at TestDemo.testIsPrimeNumber3(TestDemo.java:25)
	at java.base/java.lang.reflect.Method.invoke(Method.java:568)
	at java.base/java.util.ArrayList.forEach(ArrayList.java:1511)
	at java.base/java.util.ArrayList.forEach(ArrayList.java:1511)
]]></failure>
  </testcase>
  <testcase name="testIsPrimeNumber4" classname="TestDemo" time="0.002"/>
  <testcase name="testIsPrimeNumber5" classname="TestDemo" time="0.001"/>
  <testcase name="testIsPrimeNumber6" classname="TestDemo" time="0.001"/>
</testsuite>